50
01011000110000100000000000100000000000000000101100
10011100000000001010000100000000001000000100010000
00000000001010010000100010111100100000000000000000
11001001010000010101000000000010100000000000000000
11010110101000010000000000000000000000000110000000
01001010000100100110000000000001000000100100000000
00001100001000100000000000000110001000101000001000
00010000000000000011000010000100010100000000100101
10001000001000000000000000000100001000000001001111
10010000000100110010000000010000001000000010000100
00101010100100010000101001000000000001000000000000
00000100011010000000001010000000000000100000011010
00100000000100000000000000100000000010011100101010
00000000000000111100001000001000000100100000011000
10000110010001000011000100000100000000000000000001
00111000011001000000000100000000000000100000010100
01000000000001000100010011110100000000010000000000
00010100000001001000010011001000100001000000000000
01000101010000100000000010000100000101000000000100
00010001000000100000100100010000101000000110000000
00100000001000000001011000001001010001000000000001
00000000000000001100100000000000000011010110000101
00000000001101000000100100001100010100000001000000
01000000000000110001001001010001100000010000000000
00100001000100001110000001000000010000001100000000
00000000001000001100000110001001010000000001100000
10100000000010001000000000010010000000100011010000
00100000010000001001000100100010001001000000000100
00100000000001000100101001000010110000000001000000
00100011100000101010001000000000010000000000010000
00010010000000000000000000111001001010010000000010
00000100000000000000100101000010101010000010000001
00110000000000000101000100001001000001001010000000
00000001000000000000101011001100001000001000100000
01000010110000000001000000010011010000000000001000
00000001000001000010001000000000000010011100000110
00000000000010000000010000000011000100111010000010
00000000001000000110110000010000100000000000100101
00000110000101010000000000100000000010000101100000
00000000000010001000010100000010000110000001000011
00000010000010000000000010000000110110000001011000
01001100000010000001010010000000000100100000010000
00001000010000000001010000100001100010000000100001
00000000100000000000001001101000000000111000010010
10000001000010000000000001000000010001100010000011
01000000000101010000000000100100000000001101001000
10000010100111000000000000000000001000001000010010
10000001110000010010010000010000000101000000000000
00000000100110000000000000000010000110010001101000
00000001100000100000110000000001000001010010100000
